This is pdfTeX, Version 3.141592653-2.6-1.40.25 (MiKTeX 23.10.12) (preloaded format=pdflatex 2023.11.30)  30 NOV 2023 23:56
entering extended mode
 restricted \write18 enabled.
 %&-line parsing enabled.
**./main_8.tex
(main_8.tex
LaTeX2e <2023-11-01>
L3 programming layer <2023-11-09>

(C:\Users\Avanish Mohgaonkar\AppData\Local\Programs\MiKTeX\tex/latex/base\artic
le.cls
Document Class: article 2023/05/17 v1.4n Standard LaTeX document class

(C:\Users\Avanish Mohgaonkar\AppData\Local\Programs\MiKTeX\tex/latex/base\size1
0.clo
File: size10.clo 2023/05/17 v1.4n Standard LaTeX file (size option)
)
\c@part=\count186
\c@section=\count187
\c@subsection=\count188
\c@subsubsection=\count189
\c@paragraph=\count190
\c@subparagraph=\count191
\c@figure=\count192
\c@table=\count193
\abovecaptionskip=\skip48
\belowcaptionskip=\skip49
\bibindent=\dimen140
)
(C:\Users\Avanish Mohgaonkar\AppData\Local\Programs\MiKTeX\tex/latex/l3backend\
l3backend-pdftex.def
File: l3backend-pdftex.def 2023-11-09 L3 backend support: PDF output (pdfTeX)
\l__color_backend_stack_int=\count194
\l__pdf_internal_box=\box51
) (main_8.aux)
\openout1 = `main_8.aux'.

LaTeX Font Info:    Checking defaults for OML/cmm/m/it on input line 3.
LaTeX Font Info:    ... okay on input line 3.
LaTeX Font Info:    Checking defaults for OMS/cmsy/m/n on input line 3.
LaTeX Font Info:    ... okay on input line 3.
LaTeX Font Info:    Checking defaults for OT1/cmr/m/n on input line 3.
LaTeX Font Info:    ... okay on input line 3.
LaTeX Font Info:    Checking defaults for T1/cmr/m/n on input line 3.
LaTeX Font Info:    ... okay on input line 3.
LaTeX Font Info:    Checking defaults for TS1/cmr/m/n on input line 3.
LaTeX Font Info:    ... okay on input line 3.
LaTeX Font Info:    Checking defaults for OMX/cmex/m/n on input line 3.
LaTeX Font Info:    ... okay on input line 3.
LaTeX Font Info:    Checking defaults for U/cmr/m/n on input line 3.
LaTeX Font Info:    ... okay on input line 3.
LaTeX Font Info:    External font `cmex10' loaded for size
(Font)              <7> on input line 24.
LaTeX Font Info:    External font `cmex10' loaded for size
(Font)              <5> on input line 24.

! Extra alignment tab has been changed to \cr.
<recently read> \endtemplate 
                             
l.52 ...sef & X3\_Daniel & X3\_Donald & X3\_Zari &
                                                   X3\_Mohar & X3\_Abdul \\
You have given more \span or & marks than there were
in the preamble to the \halign or \valign now in progress.
So I'll assume that you meant to type \cr instead.

! Extra alignment tab has been changed to \cr.
<recently read> \endtemplate 
                             
l.54 ...& 0 & 0 & 10 & 2 & 0 & 0 & 0 & 3 & 0 & 0 &
                                                   5 & 0 \\
You have given more \span or & marks than there were
in the preamble to the \halign or \valign now in progress.
So I'll assume that you meant to type \cr instead.

! Extra alignment tab has been changed to \cr.
<recently read> \endtemplate 
                             
l.55 ... & 0 & 0 & 4 & 0 & 0 & 0 & 0 & 0 & 0 & 0 &
                                                   0 & 2 \\
You have given more \span or & marks than there were
in the preamble to the \halign or \valign now in progress.
So I'll assume that you meant to type \cr instead.

! Extra alignment tab has been changed to \cr.
<recently read> \endtemplate 
                             
l.56 ...& 0 & 0 & 0 & 0 & 4 & 2 & 3 & 0 & 10 & 0 &
                                                   9 & 7 \\
You have given more \span or & marks than there were
in the preamble to the \halign or \valign now in progress.
So I'll assume that you meant to type \cr instead.

! Extra alignment tab has been changed to \cr.
<recently read> \endtemplate 
                             
l.57 ... & 2 & 0 & 6 & 0 & 0 & 0 & 9 & 0 & 0 & 0 &
                                                   4 & 6 \\
You have given more \span or & marks than there were
in the preamble to the \halign or \valign now in progress.
So I'll assume that you meant to type \cr instead.

! Extra alignment tab has been changed to \cr.
<recently read> \endtemplate 
                             
l.58 ... & 0 & 0 & 3 & 0 & 9 & 0 & 0 & 9 & 3 & 1 &
                                                   0 & 0 \\
You have given more \span or & marks than there were
in the preamble to the \halign or \valign now in progress.
So I'll assume that you meant to type \cr instead.

! Extra alignment tab has been changed to \cr.
<recently read> \endtemplate 
                             
l.59 ... & 0 & 7 & 0 & 6 & 3 & 0 & 0 & 7 & 0 & 9 &
                                                   0 & 0 \\
You have given more \span or & marks than there were
in the preamble to the \halign or \valign now in progress.
So I'll assume that you meant to type \cr instead.

! Extra alignment tab has been changed to \cr.
<recently read> \endtemplate 
                             
l.60 ... & 0 & 9 & 0 & 0 & 0 & 0 & 7 & 0 & 5 & 0 &
                                                   0 & 0 \\
You have given more \span or & marks than there were
in the preamble to the \halign or \valign now in progress.
So I'll assume that you meant to type \cr instead.

! Extra alignment tab has been changed to \cr.
<recently read> \endtemplate 
                             
l.61 ...& 0 & 0 & 0 & 9 & 10 & 0 & 5 & 0 & 8 & 0 &
                                                   8 & 5 \\
You have given more \span or & marks than there were
in the preamble to the \halign or \valign now in progress.
So I'll assume that you meant to type \cr instead.

! Extra alignment tab has been changed to \cr.
<recently read> \endtemplate 
                             
l.62 ...& 8 & 10 & 0 & 0 & 7 & 7 & 0 & 4 & 0 & 2 &
                                                   1 & 3 \\
You have given more \span or & marks than there were
in the preamble to the \halign or \valign now in progress.
So I'll assume that you meant to type \cr instead.

! Extra alignment tab has been changed to \cr.
<recently read> \endtemplate 
                             
l.63 ... & 6 & 0 & 0 & 1 & 6 & 5 & 0 & 1 & 0 & 0 &
                                                   2 & 1 \\
You have given more \span or & marks than there were
in the preamble to the \halign or \valign now in progress.
So I'll assume that you meant to type \cr instead.

! Extra alignment tab has been changed to \cr.
<recently read> \endtemplate 
                             
l.64 ...& 3 & 4 & 0 & 10 & 2 & 8 & 0 & 0 & 9 & 5 &
                                                   0 & 8 \\
You have given more \span or & marks than there were
in the preamble to the \halign or \valign now in progress.
So I'll assume that you meant to type \cr instead.

! Extra alignment tab has been changed to \cr.
<recently read> \endtemplate 
                             
l.65 ... & 0 & 8 & 1 & 0 & 0 & 0 & 0 & 0 & 0 & 0 &
                                                   0 & 0 \\
You have given more \span or & marks than there were
in the preamble to the \halign or \valign now in progress.
So I'll assume that you meant to type \cr instead.

! Extra alignment tab has been changed to \cr.
<recently read> \endtemplate 
                             
l.66 ...& 0 & 0 & 7 & 0 & 0 & 0 & 0 & 10 & 6 & 8 &
                                                   3 & 0 \\
You have given more \span or & marks than there were
in the preamble to the \halign or \valign now in progress.
So I'll assume that you meant to type \cr instead.

! Extra alignment tab has been changed to \cr.
<recently read> \endtemplate 
                             
l.67 ... & 0 & 0 & 0 & 0 & 0 & 0 & 0 & 6 & 1 & 7 &
                                                   0 & 0 \\
You have given more \span or & marks than there were
in the preamble to the \halign or \valign now in progress.
So I'll assume that you meant to type \cr instead.

! Extra alignment tab has been changed to \cr.
<recently read> \endtemplate 
                             
l.68 ... & 1 & 0 & 9 & 0 & 0 & 0 & 0 & 0 & 0 & 0 &
                                                   0 & 0 \\
You have given more \span or & marks than there were
in the preamble to the \halign or \valign now in progress.
So I'll assume that you meant to type \cr instead.

! Extra alignment tab has been changed to \cr.
<recently read> \endtemplate 
                             
l.69 ... & 0 & 0 & 0 & 3 & 0 & 0 & 0 & 0 & 0 & 0 &
                                                   0 & 0 \\
You have given more \span or & marks than there were
in the preamble to the \halign or \valign now in progress.
So I'll assume that you meant to type \cr instead.

! Extra alignment tab has been changed to \cr.
<recently read> \endtemplate 
                             
l.70 ...& 7 & 0 & 2 & 0 & 8 & 4 & 4 & 2 & 0 & 10 &
                                                   7 & 0 \\
You have given more \span or & marks than there were
in the preamble to the \halign or \valign now in progress.
So I'll assume that you meant to type \cr instead.

! Extra alignment tab has been changed to \cr.
<recently read> \endtemplate 
                             
l.71 ... & 0 & 3 & 0 & 4 & 0 & 9 & 6 & 5 & 0 & 0 &
                                                   10 & 0 \\
You have given more \span or & marks than there were
in the preamble to the \halign or \valign now in progress.
So I'll assume that you meant to type \cr instead.

! Extra alignment tab has been changed to \cr.
<recently read> \endtemplate 
                             
l.72 ... & 0 & 6 & 5 & 8 & 0 & 0 & 0 & 0 & 2 & 6 &
                                                   0 & 10 \\
You have given more \span or & marks than there were
in the preamble to the \halign or \valign now in progress.
So I'll assume that you meant to type \cr instead.

! Extra alignment tab has been changed to \cr.
<recently read> \endtemplate 
                             
l.73 ...& 9 & 0 & 0 & 7 & 1 & 6 & 10 & 0 & 0 & 0 &
                                                   6 & 0 \\
You have given more \span or & marks than there were
in the preamble to the \halign or \valign now in progress.
So I'll assume that you meant to type \cr instead.

! Extra alignment tab has been changed to \cr.
<recently read> \endtemplate 
                             
l.74 ... & 5 & 0 & 0 & 0 & 0 & 3 & 1 & 0 & 0 & 0 &
                                                   0 & 4 \\
You have given more \span or & marks than there were
in the preamble to the \halign or \valign now in progress.
So I'll assume that you meant to type \cr instead.

! Extra alignment tab has been changed to \cr.
<recently read> \endtemplate 
                             
l.75 ... 10 & 0 & 0 & 0 & 0 & 10 & 8 & 0 & 0 & 0 &
                                                   0 & 0 \\
You have given more \span or & marks than there were
in the preamble to the \halign or \valign now in progress.
So I'll assume that you meant to type \cr instead.

! Extra alignment tab has been changed to \cr.
<recently read> \endtemplate 
                             
l.76 ... & 0 & 1 & 0 & 0 & 5 & 0 & 2 & 0 & 0 & 0 &
                                                   0 & 0 \\
You have given more \span or & marks than there were
in the preamble to the \halign or \valign now in progress.
So I'll assume that you meant to type \cr instead.

! Extra alignment tab has been changed to \cr.
<recently read> \endtemplate 
                             
l.77 ... & 0 & 2 & 8 & 5 & 0 & 0 & 0 & 8 & 7 & 4 &
                                                   0 & 0 \\
You have given more \span or & marks than there were
in the preamble to the \halign or \valign now in progress.
So I'll assume that you meant to type \cr instead.

! Extra alignment tab has been changed to \cr.
<recently read> \endtemplate 
                             
l.78 ... & 4 & 5 & 0 & 0 & 0 & 1 & 0 & 0 & 4 & 3 &
                                                   0 & 9 \\
You have given more \span or & marks than there were
in the preamble to the \halign or \valign now in progress.
So I'll assume that you meant to type \cr instead.


Overfull \hbox (1407.7456pt too wide) in paragraph at lines 49--81
[]\OT1/cmr/bx/n/10 Inconsistent In-put Data: [] 
 []

[1

{C:/Users/Avanish Mohgaonkar/AppData/Local/MiKTeX/fonts/map/pdftex/pdftex.map}]

Overfull \vbox (70.19998pt too high) has occurred while \output is active []


[2]
Overfull \vbox (58.19998pt too high) has occurred while \output is active []


[3] [4] (main_8.aux)
 ***********
LaTeX2e <2023-11-01>
L3 programming layer <2023-11-09>
 ***********
 ) 
Here is how much of TeX's memory you used:
 449 strings out of 474587
 8856 string characters out of 5739529
 1995558 words of memory out of 5000000
 22711 multiletter control sequences out of 15000+600000
 560090 words of font info for 43 fonts, out of 8000000 for 9000
 1141 hyphenation exceptions out of 8191
 35i,7n,50p,443b,122s stack positions out of 10000i,1000n,20000p,200000b,200000s
 <C:\Users\Avanish Mohgaonkar\AppData\Local\MiKTeX\fonts/pk/ljfour/jknappen/e
c/dpi600\tcrm1000.pk><C:/Users/Avanish Mohgaonkar/AppData/Local/Programs/MiKTeX
/fonts/type1/public/amsfonts/cm/cmbx10.pfb><C:/Users/Avanish Mohgaonkar/AppData
/Local/Programs/MiKTeX/fonts/type1/public/amsfonts/cm/cmbx12.pfb><C:/Users/Avan
ish Mohgaonkar/AppData/Local/Programs/MiKTeX/fonts/type1/public/amsfonts/cm/cmr
10.pfb><C:/Users/Avanish Mohgaonkar/AppData/Local/Programs/MiKTeX/fonts/type1/p
ublic/amsfonts/cm/cmtt10.pfb>
Output written on main_8.pdf (4 pages, 77864 bytes).
PDF statistics:
 40 PDF objects out of 1000 (max. 8388607)
 0 named destinations out of 1000 (max. 500000)
 1 words of extra memory for PDF output out of 10000 (max. 10000000)

